<?xml version="1.0" encoding="UTF-8"?>
<coverage generated="1650524591238" clover="3.2.0">
  <project timestamp="1650524591238" name="All files">
    <metrics statements="22" coveredstatements="19" conditionals="0" coveredconditionals="0" methods="8" coveredmethods="6" elements="30" coveredelements="25" complexity="0" loc="22" ncloc="22" packages="2" files="3" classes="3"/>
    <package name="UseMemo">
      <metrics statements="15" coveredstatements="12" conditionals="0" coveredconditionals="0" methods="5" coveredmethods="3"/>
      <file name="App.js" path="/Users/Alien/Documents/GitHub/UseMemo/App.js">
        <metrics statements="15" coveredstatements="12" conditionals="0" coveredconditionals="0" methods="5" coveredmethods="3"/>
        <line num="11" count="1" type="stmt"/>
        <line num="24" count="1" type="stmt"/>
        <line num="26" count="1" type="stmt"/>
        <line num="27" count="1" type="stmt"/>
        <line num="29" count="1" type="stmt"/>
        <line num="30" count="0" type="stmt"/>
        <line num="31" count="0" type="stmt"/>
        <line num="34" count="1" type="stmt"/>
        <line num="35" count="0" type="stmt"/>
        <line num="46" count="1" type="stmt"/>
        <line num="48" count="1" type="stmt"/>
        <line num="49" count="10" type="stmt"/>
        <line num="50" count="10" type="stmt"/>
        <line num="55" count="1" type="stmt"/>
        <line num="71" count="1" type="stmt"/>
      </file>
    </package>
    <package name="UseMemo.src.components">
      <metrics statements="7" coveredstatements="7" conditionals="0" coveredconditionals="0" methods="3" coveredmethods="3"/>
      <file name="List.js" path="/Users/Alien/Documents/GitHub/UseMemo/src/components/List.js">
        <metrics statements="4" coveredstatements="4" conditionals="0" coveredconditionals="0" methods="2" coveredmethods="2"/>
        <line num="5" count="2" type="stmt"/>
        <line num="8" count="2" type="stmt"/>
        <line num="9" count="10" type="stmt"/>
        <line num="12" count="2" type="stmt"/>
      </file>
      <file name="ListItem.js" path="/Users/Alien/Documents/GitHub/UseMemo/src/components/ListItem.js">
        <metrics statements="3" coveredstatements="3" conditionals="0" coveredconditionals="0" methods="1" coveredmethods="1"/>
        <line num="4" count="3" type="stmt"/>
        <line num="6" count="11" type="stmt"/>
        <line num="15" count="3" type="stmt"/>
      </file>
    </package>
  </project>
</coverage>
