TN:
SF:App.js
FN:24,(anonymous_0)
FN:29,(anonymous_1)
FN:34,(anonymous_2)
FN:47,(anonymous_3)
FN:48,(anonymous_4)
FNF:5
FNH:3
FNDA:1,(anonymous_0)
FNDA:0,(anonymous_1)
FNDA:0,(anonymous_2)
FNDA:1,(anonymous_3)
FNDA:10,(anonymous_4)
DA:11,1
DA:24,1
DA:26,1
DA:27,1
DA:29,1
DA:30,0
DA:31,0
DA:34,1
DA:35,0
DA:46,1
DA:48,1
DA:49,10
DA:50,10
DA:55,1
DA:71,1
LF:15
LH:12
BRF:0
BRH:0
end_of_record
TN:
SF:src/components/List.js
FN:5,(anonymous_0)
FN:8,(anonymous_1)
FNF:2
FNH:2
FNDA:2,(anonymous_0)
FNDA:10,(anonymous_1)
DA:5,2
DA:8,2
DA:9,10
DA:12,2
LF:4
LH:4
BRF:0
BRH:0
end_of_record
TN:
SF:src/components/ListItem.js
FN:4,(anonymous_0)
FNF:1
FNH:1
FNDA:11,(anonymous_0)
DA:4,3
DA:6,11
DA:15,3
LF:3
LH:3
BRF:0
BRH:0
end_of_record
