TN:
SF:App.js
FN:24,(anonymous_0)
FN:29,(anonymous_1)
FN:34,(anonymous_2)
FN:47,(anonymous_3)
FN:48,(anonymous_4)
FNF:5
FNH:5
FNDA:5,(anonymous_0)
FNDA:1,(anonymous_1)
FNDA:1,(anonymous_2)
FNDA:4,(anonymous_3)
FNDA:40,(anonymous_4)
DA:11,1
DA:24,1
DA:26,5
DA:27,5
DA:29,5
DA:30,1
DA:31,1
DA:34,5
DA:35,1
DA:46,5
DA:48,4
DA:49,40
DA:50,40
DA:55,5
DA:72,1
LF:15
LH:15
BRF:0
BRH:0
end_of_record
TN:
SF:src/components/List.js
FN:5,(anonymous_0)
FN:8,(anonymous_1)
FNF:2
FNH:2
FNDA:6,(anonymous_0)
FNDA:41,(anonymous_1)
DA:5,2
DA:8,6
DA:9,41
DA:12,6
LF:4
LH:4
BRF:0
BRH:0
end_of_record
TN:
SF:src/components/ListItem.js
FN:4,(anonymous_0)
FNF:1
FNH:1
FNDA:42,(anonymous_0)
DA:4,3
DA:6,42
DA:15,3
LF:3
LH:3
BRF:0
BRH:0
end_of_record
